[Fri, 25 Mar 2011 00:00:32 GMT] INFO master started
[Fri, 25 Mar 2011 00:00:32 GMT] INFO spawned worker 0
[Fri, 25 Mar 2011 00:00:32 GMT] INFO spawned worker 1
[Fri, 25 Mar 2011 00:00:32 GMT] INFO spawned worker 2
[Fri, 25 Mar 2011 00:00:32 GMT] INFO spawned worker 3
[Fri, 25 Mar 2011 00:14:09 GMT] WARNING shutting down master
[Fri, 25 Mar 2011 00:14:09 GMT] WARNING sent kill(SIGKILL) to all workers
[Fri, 25 Mar 2011 00:14:10 GMT] INFO master started
[Fri, 25 Mar 2011 00:14:10 GMT] INFO spawned worker 0
[Fri, 25 Mar 2011 00:14:10 GMT] INFO spawned worker 1
[Fri, 25 Mar 2011 00:14:10 GMT] INFO spawned worker 2
[Fri, 25 Mar 2011 00:14:10 GMT] INFO spawned worker 3
[Fri, 25 Mar 2011 00:14:58 GMT] WARNING shutting down master
[Fri, 25 Mar 2011 00:14:59 GMT] INFO master started
[Fri, 25 Mar 2011 00:14:59 GMT] INFO spawned worker 0
[Fri, 25 Mar 2011 00:14:59 GMT] INFO spawned worker 1
[Fri, 25 Mar 2011 00:14:59 GMT] INFO spawned worker 2
[Fri, 25 Mar 2011 00:14:59 GMT] INFO spawned worker 3
[Fri, 25 Mar 2011 00:15:05 GMT] ERROR worker 2 uncaught exception Object.keys called on non-object
[Fri, 25 Mar 2011 00:15:05 GMT] ERROR worker 2 died
[Fri, 25 Mar 2011 00:15:05 GMT] INFO spawned worker 2
[Fri, 25 Mar 2011 00:15:31 GMT] ERROR worker 2 uncaught exception Cannot call method 'remove' of null
[Fri, 25 Mar 2011 00:15:31 GMT] ERROR worker 2 died
[Fri, 25 Mar 2011 00:15:31 GMT] INFO spawned worker 2
[Fri, 25 Mar 2011 00:15:31 GMT] ERROR worker 1 uncaught exception Cannot call method 'remove' of null
[Fri, 25 Mar 2011 00:15:31 GMT] ERROR worker 1 died
[Fri, 25 Mar 2011 00:15:31 GMT] INFO spawned worker 1
[Fri, 25 Mar 2011 00:15:31 GMT] ERROR worker 0 uncaught exception Cannot call method 'remove' of null
[Fri, 25 Mar 2011 00:15:31 GMT] ERROR worker 0 died
[Fri, 25 Mar 2011 00:15:31 GMT] INFO spawned worker 0
[Fri, 25 Mar 2011 00:17:42 GMT] ERROR worker 2 uncaught exception Object.keys called on non-object
[Fri, 25 Mar 2011 00:17:42 GMT] ERROR worker 2 died
[Fri, 25 Mar 2011 00:17:42 GMT] INFO spawned worker 2
[Fri, 25 Mar 2011 00:17:42 GMT] ERROR worker 1 uncaught exception Object.keys called on non-object
[Fri, 25 Mar 2011 00:17:42 GMT] ERROR worker 1 died
[Fri, 25 Mar 2011 00:17:42 GMT] INFO spawned worker 1
[Fri, 25 Mar 2011 00:17:42 GMT] ERROR worker 0 uncaught exception Object.keys called on non-object
[Fri, 25 Mar 2011 00:17:42 GMT] ERROR worker 0 died
[Fri, 25 Mar 2011 00:17:42 GMT] INFO spawned worker 0
[Fri, 25 Mar 2011 00:18:22 GMT] WARNING shutting down master
[Fri, 25 Mar 2011 00:18:24 GMT] INFO master started
[Fri, 25 Mar 2011 00:18:24 GMT] INFO spawned worker 0
[Fri, 25 Mar 2011 00:18:24 GMT] INFO spawned worker 1
[Fri, 25 Mar 2011 00:18:24 GMT] INFO spawned worker 2
[Fri, 25 Mar 2011 00:18:24 GMT] INFO spawned worker 3
[Fri, 25 Mar 2011 00:19:02 GMT] ERROR worker 2 uncaught exception Object.keys called on non-object
[Fri, 25 Mar 2011 00:19:02 GMT] ERROR worker 2 died
[Fri, 25 Mar 2011 00:19:02 GMT] INFO spawned worker 2
[Fri, 25 Mar 2011 00:19:02 GMT] ERROR worker 3 uncaught exception Object.keys called on non-object
[Fri, 25 Mar 2011 00:19:02 GMT] ERROR worker 3 died
[Fri, 25 Mar 2011 00:19:02 GMT] INFO spawned worker 3
[Fri, 25 Mar 2011 00:19:02 GMT] ERROR worker 1 uncaught exception Object.keys called on non-object
[Fri, 25 Mar 2011 00:19:02 GMT] ERROR worker 1 died
[Fri, 25 Mar 2011 00:19:02 GMT] INFO spawned worker 1
[Fri, 25 Mar 2011 00:19:02 GMT] ERROR worker 0 uncaught exception Object.keys called on non-object
[Fri, 25 Mar 2011 00:19:03 GMT] ERROR worker 0 died
[Fri, 25 Mar 2011 00:19:03 GMT] INFO spawned worker 0
[Fri, 25 Mar 2011 00:20:40 GMT] ERROR worker 0 uncaught exception Object.keys called on non-object
[Fri, 25 Mar 2011 00:20:40 GMT] ERROR worker 0 died
[Fri, 25 Mar 2011 00:20:40 GMT] INFO spawned worker 0
[Fri, 25 Mar 2011 00:20:40 GMT] ERROR worker 1 uncaught exception Object.keys called on non-object
[Fri, 25 Mar 2011 00:20:40 GMT] ERROR worker 1 died
[Fri, 25 Mar 2011 00:20:40 GMT] INFO spawned worker 1
[Fri, 25 Mar 2011 00:20:40 GMT] ERROR worker 3 uncaught exception Object.keys called on non-object
[Fri, 25 Mar 2011 00:20:40 GMT] ERROR worker 3 died
[Fri, 25 Mar 2011 00:20:40 GMT] INFO spawned worker 3
[Fri, 25 Mar 2011 00:21:26 GMT] WARNING shutting down master
[Fri, 25 Mar 2011 00:21:27 GMT] INFO master started
[Fri, 25 Mar 2011 00:21:27 GMT] INFO spawned worker 0
[Fri, 25 Mar 2011 00:21:27 GMT] INFO spawned worker 1
[Fri, 25 Mar 2011 00:21:27 GMT] INFO spawned worker 2
[Fri, 25 Mar 2011 00:21:27 GMT] INFO spawned worker 3
[Fri, 25 Mar 2011 00:21:44 GMT] ERROR worker 1 uncaught exception Object.keys called on non-object
[Fri, 25 Mar 2011 00:21:44 GMT] ERROR worker 1 died
[Fri, 25 Mar 2011 00:21:44 GMT] INFO spawned worker 1
[Fri, 25 Mar 2011 00:21:44 GMT] ERROR worker 3 uncaught exception Object.keys called on non-object
[Fri, 25 Mar 2011 00:21:44 GMT] ERROR worker 3 died
[Fri, 25 Mar 2011 00:21:44 GMT] INFO spawned worker 3
[Fri, 25 Mar 2011 00:21:44 GMT] ERROR worker 2 uncaught exception Object.keys called on non-object
[Fri, 25 Mar 2011 00:21:44 GMT] ERROR worker 2 died
[Fri, 25 Mar 2011 00:21:44 GMT] INFO spawned worker 2
[Fri, 25 Mar 2011 00:23:01 GMT] WARNING shutting down master
[Fri, 25 Mar 2011 00:23:01 GMT] WARNING sent kill(SIGKILL) to all workers
[Fri, 25 Mar 2011 00:23:01 GMT] INFO shutdown complete
[Fri, 25 Mar 2011 00:23:03 GMT] INFO master started
[Fri, 25 Mar 2011 00:23:03 GMT] INFO spawned worker 0
[Fri, 25 Mar 2011 00:23:03 GMT] INFO spawned worker 1
[Fri, 25 Mar 2011 00:23:03 GMT] INFO spawned worker 2
[Fri, 25 Mar 2011 00:23:03 GMT] INFO spawned worker 3
[Fri, 25 Mar 2011 00:24:21 GMT] WARNING shutting down master
[Fri, 25 Mar 2011 00:24:21 GMT] WARNING sent kill(SIGKILL) to all workers
